{"/Users/shelex/repos/sonarcloud-jest-monorepo/web/wild_badger/src/index.js": {"path":"/Users/shelex/repos/sonarcloud-jest-monorepo/web/wild_badger/src/index.js","statementMap":{"0":{"start":{"line":1,"column":14},"end":{"line":1,"column":27}},"1":{"start":{"line":1,"column":20},"end":{"line":1,"column":27}},"2":{"start":{"line":2,"column":14},"end":{"line":2,"column":27}},"3":{"start":{"line":2,"column":20},"end":{"line":2,"column":27}},"4":{"start":{"line":3,"column":12},"end":{"line":3,"column":22}},"5":{"start":{"line":3,"column":19},"end":{"line":3,"column":22}},"6":{"start":{"line":4,"column":12},"end":{"line":4,"column":22}},"7":{"start":{"line":4,"column":19},"end":{"line":4,"column":22}},"8":{"start":{"line":5,"column":12},"end":{"line":5,"column":22}},"9":{"start":{"line":5,"column":19},"end":{"line":5,"column":22}},"10":{"start":{"line":6,"column":12},"end":{"line":6,"column":22}},"11":{"start":{"line":6,"column":19},"end":{"line":6,"column":22}},"12":{"start":{"line":7,"column":12},"end":{"line":7,"column":22}},"13":{"start":{"line":7,"column":19},"end":{"line":7,"column":22}},"14":{"start":{"line":8,"column":12},"end":{"line":8,"column":22}},"15":{"start":{"line":8,"column":19},"end":{"line":8,"column":22}},"16":{"start":{"line":9,"column":12},"end":{"line":9,"column":22}},"17":{"start":{"line":9,"column":19},"end":{"line":9,"column":22}},"18":{"start":{"line":11,"column":0},"end":{"line":21,"column":2}}},"fnMap":{"0":{"name":"(anonymous_0)","decl":{"start":{"line":1,"column":14},"end":{"line":1,"column":15}},"loc":{"start":{"line":1,"column":20},"end":{"line":1,"column":27}},"line":1},"1":{"name":"(anonymous_1)","decl":{"start":{"line":2,"column":14},"end":{"line":2,"column":15}},"loc":{"start":{"line":2,"column":20},"end":{"line":2,"column":27}},"line":2},"2":{"name":"(anonymous_2)","decl":{"start":{"line":3,"column":12},"end":{"line":3,"column":13}},"loc":{"start":{"line":3,"column":19},"end":{"line":3,"column":22}},"line":3},"3":{"name":"(anonymous_3)","decl":{"start":{"line":4,"column":12},"end":{"line":4,"column":13}},"loc":{"start":{"line":4,"column":19},"end":{"line":4,"column":22}},"line":4},"4":{"name":"(anonymous_4)","decl":{"start":{"line":5,"column":12},"end":{"line":5,"column":13}},"loc":{"start":{"line":5,"column":19},"end":{"line":5,"column":22}},"line":5},"5":{"name":"(anonymous_5)","decl":{"start":{"line":6,"column":12},"end":{"line":6,"column":13}},"loc":{"start":{"line":6,"column":19},"end":{"line":6,"column":22}},"line":6},"6":{"name":"(anonymous_6)","decl":{"start":{"line":7,"column":12},"end":{"line":7,"column":13}},"loc":{"start":{"line":7,"column":19},"end":{"line":7,"column":22}},"line":7},"7":{"name":"(anonymous_7)","decl":{"start":{"line":8,"column":12},"end":{"line":8,"column":13}},"loc":{"start":{"line":8,"column":19},"end":{"line":8,"column":22}},"line":8},"8":{"name":"(anonymous_8)","decl":{"start":{"line":9,"column":12},"end":{"line":9,"column":13}},"loc":{"start":{"line":9,"column":19},"end":{"line":9,"column":22}},"line":9}},"branchMap":{},"s":{"0":1,"1":1,"2":1,"3":1,"4":1,"5":0,"6":1,"7":0,"8":1,"9":0,"10":1,"11":0,"12":1,"13":0,"14":1,"15":0,"16":1,"17":0,"18":1},"f":{"0":1,"1":1,"2":0,"3":0,"4":0,"5":0,"6":0,"7":0,"8":0},"b":{},"_coverageSchema":"1a1c01bbd47fc00a2c39e90264f33305004495a9","hash":"1114ddd752ef4cc942ed6d53764332a1f666be2d"}
}
